<?xml version="1.0" encoding="UTF-8"?>
<testng-results ignored="0" total="2" passed="2" failed="0" skipped="0">
  <reporter-output>
  </reporter-output>
  <suite started-at="2025-01-12T08:25:45 IST" name="Suite" finished-at="2025-01-12T08:25:59 IST" duration-ms="14240">
    <groups>
      <group name="cucumber">
        <method signature="AbstractTestNGCucumberTests.runScenario(io.cucumber.testng.PickleWrapper,io.cucumber.testng.FeatureWrapper)[pri:0, instance:runners.TestRunner2@f5958c9]" name="runScenario" class="io.cucumber.testng.AbstractTestNGCucumberTests"/>
      </group> <!-- cucumber -->
    </groups>
    <test started-at="2025-01-12T08:25:45 IST" name="Test" finished-at="2025-01-12T08:25:59 IST" duration-ms="14240">
      <class name="runners.TestRunner2">
        <test-method is-config="true" signature="setUpClass(org.testng.ITestContext)[pri:0, instance:runners.TestRunner2@f5958c9]" started-at="2025-01-12T08:25:45 IST" name="setUpClass" finished-at="2025-01-12T08:25:46 IST" duration-ms="841" status="PASS">
          <params>
            <param index="0">
              <value>
                <![CDATA[org.testng.TestRunner@5e671e20]]>
              </value>
            </param>
          </params>
          <reporter-output>
          </reporter-output>
        </test-method> <!-- setUpClass -->
        <test-method signature="runScenario(io.cucumber.testng.PickleWrapper,io.cucumber.testng.FeatureWrapper)[pri:0, instance:runners.TestRunner2@f5958c9]" started-at="2025-01-12T08:25:46 IST" name="runScenario" description="Runs Cucumber Scenarios" data-provider="scenarios" finished-at="2025-01-12T08:25:53 IST" duration-ms="7389" status="PASS">
          <params>
            <param index="0">
              <value>
                <![CDATA["Verify the successful login functionality when logged with valid credentials"]]>
              </value>
            </param>
            <param index="1">
              <value>
                <![CDATA["Login feature of Demo Blaze application"]]>
              </value>
            </param>
          </params>
          <reporter-output>
          </reporter-output>
        </test-method> <!-- runScenario -->
        <test-method signature="runScenario(io.cucumber.testng.PickleWrapper,io.cucumber.testng.FeatureWrapper)[pri:0, instance:runners.TestRunner2@f5958c9]" started-at="2025-01-12T08:25:53 IST" name="runScenario" description="Runs Cucumber Scenarios" data-provider="scenarios" finished-at="2025-01-12T08:25:59 IST" duration-ms="5828" status="PASS">
          <params>
            <param index="0">
              <value>
                <![CDATA["Verify the login functionality when logged with invalid credentials"]]>
              </value>
            </param>
            <param index="1">
              <value>
                <![CDATA["Login feature of Demo Blaze application"]]>
              </value>
            </param>
          </params>
          <reporter-output>
          </reporter-output>
        </test-method> <!-- runScenario -->
        <test-method is-config="true" signature="tearDownClass()[pri:0, instance:runners.TestRunner2@f5958c9]" started-at="2025-01-12T08:25:59 IST" name="tearDownClass" finished-at="2025-01-12T08:25:59 IST" duration-ms="115" status="PASS">
          <reporter-output>
          </reporter-output>
        </test-method> <!-- tearDownClass -->
      </class> <!-- runners.TestRunner2 -->
    </test> <!-- Test -->
  </suite> <!-- Suite -->
</testng-results>
